[2017-09-13 18:45:02] production.ERROR: exception 'PDOException' with message 'SQLSTATE[HY000] [1045] Access denied for user ''@'localhost' (using password: NO)' in E:\wamp64\www\Upwork-Clients\Rohan\guru\ticket\vendor\laravel\framework\src\Illuminate\Database\Connectors\Connector.php:47
Stack trace:
#0 E:\wamp64\www\Upwork-Clients\Rohan\guru\ticket\vendor\laravel\framework\src\Illuminate\Database\Connectors\Connector.php(47): PDO->__construct('mysql:host=;dbn...', '', '', Array)
#1 E:\wamp64\www\Upwork-Clients\Rohan\guru\ticket\vendor\laravel\framework\src\Illuminate\Database\Connectors\MySqlConnector.php(20): Illuminate\Database\Connectors\Connector->createConnection('mysql:host=;dbn...', Array, Array)
#2 E:\wamp64\www\Upwork-Clients\Rohan\guru\ticket\bootstrap\compiled.php(7713): Illuminate\Database\Connectors\MySqlConnector->connect(Array)
#3 E:\wamp64\www\Upwork-Clients\Rohan\guru\ticket\bootstrap\compiled.php(7709): Illuminate\Database\Connectors\ConnectionFactory->createSingleConnection(Array)
#4 E:\wamp64\www\Upwork-Clients\Rohan\guru\ticket\bootstrap\compiled.php(7621): Illuminate\Database\Connectors\ConnectionFactory->make(Array, 'mysql')
#5 E:\wamp64\www\Upwork-Clients\Rohan\guru\ticket\bootstrap\compiled.php(7576): Illuminate\Database\DatabaseManager->makeConnection('mysql')
#6 E:\wamp64\www\Upwork-Clients\Rohan\guru\ticket\bootstrap\compiled.php(7677): Illuminate\Database\DatabaseManager->connection()
#7 E:\wamp64\www\Upwork-Clients\Rohan\guru\ticket\bootstrap\compiled.php(3267): Illuminate\Database\DatabaseManager->__call('table', Array)
#8 E:\wamp64\www\Upwork-Clients\Rohan\guru\ticket\bootstrap\compiled.php(3267): Illuminate\Database\DatabaseManager->table('users')
#9 E:\wamp64\www\Upwork-Clients\Rohan\guru\ticket\app\models\Language.php(11): Illuminate\Support\Facades\Facade::__callStatic('table', Array)
#10 E:\wamp64\www\Upwork-Clients\Rohan\guru\ticket\app\models\Language.php(11): Illuminate\Support\Facades\DB::table('users')
#11 E:\wamp64\www\Upwork-Clients\Rohan\guru\ticket\app\routes.php(15): Language->defaultLanguage()
#12 E:\wamp64\www\Upwork-Clients\Rohan\guru\ticket\vendor\laravel\framework\src\Illuminate\Foundation\start.php(269): require('E:\\wamp64\\www\\U...')
#13 [internal function]: {closure}(Object(Illuminate\Foundation\Application))
#14 E:\wamp64\www\Upwork-Clients\Rohan\guru\ticket\bootstrap\compiled.php(736): call_user_func(Object(Closure), Object(Illuminate\Foundation\Application))
#15 E:\wamp64\www\Upwork-Clients\Rohan\guru\ticket\bootstrap\compiled.php(641): Illuminate\Foundation\Application->fireAppCallbacks(Array)
#16 E:\wamp64\www\Upwork-Clients\Rohan\guru\ticket\bootstrap\compiled.php(635): Illuminate\Foundation\Application->bootApplication()
#17 E:\wamp64\www\Upwork-Clients\Rohan\guru\ticket\bootstrap\compiled.php(695): Illuminate\Foundation\Application->boot()
#18 E:\wamp64\www\Upwork-Clients\Rohan\guru\ticket\bootstrap\compiled.php(7825): Illuminate\Foundation\Application->handle(Object(Illuminate\Http\Request), 1, true)
#19 E:\wamp64\www\Upwork-Clients\Rohan\guru\ticket\bootstrap\compiled.php(8432): Illuminate\Session\Middleware->handle(Object(Illuminate\Http\Request), 1, true)
#20 E:\wamp64\www\Upwork-Clients\Rohan\guru\ticket\bootstrap\compiled.php(8379): Illuminate\Cookie\Queue->handle(Object(Illuminate\Http\Request), 1, true)
#21 E:\wamp64\www\Upwork-Clients\Rohan\guru\ticket\bootstrap\compiled.php(11070): Illuminate\Cookie\Guard->handle(Object(Illuminate\Http\Request), 1, true)
#22 E:\wamp64\www\Upwork-Clients\Rohan\guru\ticket\bootstrap\compiled.php(657): Stack\StackedHttpKernel->handle(Object(Illuminate\Http\Request))
#23 E:\wamp64\www\Upwork-Clients\Rohan\guru\ticket\index.php(49): Illuminate\Foundation\Application->run()
#24 {main} [] []
